APK/Block Blast/GoogleMobileAdsPlugin/build/outputs/logs/manifest-merger-debug-report.txt
-- Merging decision tree log ---
manifest
ADDED from Block Blast\GoogleMobileAdsPlugin\AndroidManifest.xml:2:1-8:12
INJECTED from Block Blast\GoogleMobileAdsPlugin\AndroidManifest.xml:2:1-8:12
INJECTED from Block Blast\GoogleMobileAdsPlugin\AndroidManifest.xml:2:1-8:12
INJECTED from Block Blast\GoogleMobileAdsPlugin\AndroidManifest.xml:2:1-8:12
INJECTED from Block Blast\GoogleMobileAdsPlugin\AndroidManifest.xml:2:1-8:12
INJECTED from Block Blast\GoogleMobileAdsPlugin\AndroidManifest.xml:2:1-8:12
INJECTED from Block Blast\GoogleMobileAdsPlugin\AndroidManifest.xml:2:1-8:12
	package
		ADDED from Block Blast\GoogleMobileAdsPlugin\AndroidManifest.xml:2:70-100
		INJECTED from Block Blast\GoogleMobileAdsPlugin\AndroidManifest.xml
		INJECTED from Block Blast\GoogleMobileAdsPlugin\AndroidManifest.xml
	android:versionName
		ADDED from Block Blast\GoogleMobileAdsPlugin\AndroidManifest.xml:2:101-126
		INJECTED from Block Blast\GoogleMobileAdsPlugin\AndroidManifest.xml
		INJECTED from Block Blast\GoogleMobileAdsPlugin\AndroidManifest.xml
	xmlns:android
		ADDED from Block Blast\GoogleMobileAdsPlugin\AndroidManifest.xml:2:11-69
	android:versionCode
		ADDED from Block Blast\GoogleMobileAdsPlugin\AndroidManifest.xml:2:127-150
		INJECTED from Block Blast\GoogleMobileAdsPlugin\AndroidManifest.xml
		INJECTED from Block Blast\GoogleMobileAdsPlugin\AndroidManifest.xml
application
ADDED from Block Blast\GoogleMobileAdsPlugin\AndroidManifest.xml:3:3-7:17
uses-library#org.apache.http.legacy
ADDED from Block Blast\GoogleMobileAdsPlugin\AndroidManifest.xml:4:5-84
	android:required
		ADDED from Block Blast\GoogleMobileAdsPlugin\AndroidManifest.xml:4:19-43
	android:name
		ADDED from Block Blast\GoogleMobileAdsPlugin\AndroidManifest.xml:4:44-81
meta-data#com.google.android.gms.ads.AD_MANAGER_APP
ADDED from Block Blast\GoogleMobileAdsPlugin\AndroidManifest.xml:5:5-96
	android:value
		ADDED from Block Blast\GoogleMobileAdsPlugin\AndroidManifest.xml:5:73-93
	android:name
		ADDED from Block Blast\GoogleMobileAdsPlugin\AndroidManifest.xml:5:16-72
meta-data#com.google.android.gms.ads.APPLICATION_ID
ADDED from Block Blast\GoogleMobileAdsPlugin\AndroidManifest.xml:6:5-130
	android:value
		ADDED from Block Blast\GoogleMobileAdsPlugin\AndroidManifest.xml:6:73-127
	android:name
		ADDED from Block Blast\GoogleMobileAdsPlugin\AndroidManifest.xml:6:16-72
uses-sdk
INJECTED from Block Blast\GoogleMobileAdsPlugin\AndroidManifest.xml reason: use-sdk injection requested
INJECTED from Block Blast\GoogleMobileAdsPlugin\AndroidManifest.xml
INJECTED from Block Blast\GoogleMobileAdsPlugin\AndroidManifest.xml
	android:targetSdkVersion
		INJECTED from Block Blast\GoogleMobileAdsPlugin\AndroidManifest.xml
		ADDED from Block Blast\GoogleMobileAdsPlugin\AndroidManifest.xml
		INJECTED from Block Blast\GoogleMobileAdsPlugin\AndroidManifest.xml